TN:
SF:auth.ts
FNF:0
FNH:0
DA:1,1
DA:2,1
DA:3,1
DA:4,1
DA:5,1
DA:6,1
DA:7,1
DA:8,1
DA:9,1
DA:10,1
DA:11,1
DA:12,1
DA:13,1
DA:14,1
DA:15,1
DA:16,1
DA:17,1
DA:18,1
DA:19,1
DA:20,1
DA:21,1
DA:22,1
DA:23,1
DA:24,1
DA:25,1
DA:26,1
DA:27,1
DA:28,1
DA:29,1
DA:30,1
DA:31,1
DA:32,1
DA:33,1
DA:34,1
DA:35,1
DA:36,1
DA:37,1
DA:38,1
DA:39,1
DA:40,1
DA:41,1
DA:42,1
DA:43,1
DA:44,1
DA:45,1
DA:46,1
DA:47,1
DA:48,1
DA:49,1
DA:50,1
DA:51,1
DA:52,1
DA:53,1
DA:54,1
LF:54
LH:54
BRF:0
BRH:0
end_of_record
TN:
SF:api\Auth\authApi.ts
FN:7,handleLogin
FN:18,handleSignup
FNF:2
FNH:0
FNDA:0,handleLogin
FNDA:0,handleSignup
DA:1,1
DA:2,1
DA:3,1
DA:4,1
DA:5,1
DA:6,1
DA:7,1
DA:8,0
DA:9,0
DA:10,0
DA:11,0
DA:12,0
DA:13,0
DA:14,0
DA:15,0
DA:16,0
DA:17,1
DA:18,1
DA:19,0
DA:20,0
DA:21,0
DA:22,0
DA:23,0
DA:24,0
DA:25,0
DA:26,0
DA:27,0
LF:27
LH:9
BRF:0
BRH:0
end_of_record
TN:
SF:app\(auth)\login\page.tsx
FN:23,Login
FN:39,handlePasswordVisibility
FN:45,onSuccess
FN:52,onError
FN:57,handleSubmission
FNF:5
FNH:1
FNDA:12,Login
FNDA:0,handlePasswordVisibility
FNDA:0,onSuccess
FNDA:0,onError
FNDA:0,handleSubmission
DA:1,1
DA:2,1
DA:3,1
DA:4,1
DA:5,1
DA:6,1
DA:7,1
DA:8,1
DA:9,1
DA:10,1
DA:11,1
DA:12,1
DA:13,1
DA:14,1
DA:15,1
DA:16,1
DA:17,1
DA:18,1
DA:19,1
DA:20,1
DA:21,1
DA:22,1
DA:23,1
DA:24,12
DA:25,12
DA:26,12
DA:27,12
DA:28,12
DA:29,12
DA:30,12
DA:31,12
DA:32,12
DA:33,12
DA:34,12
DA:35,12
DA:36,12
DA:37,12
DA:38,12
DA:39,12
DA:40,0
DA:41,0
DA:42,12
DA:43,12
DA:44,12
DA:45,12
DA:46,0
DA:47,0
DA:48,0
DA:49,0
DA:50,0
DA:51,0
DA:52,12
DA:53,0
DA:54,0
DA:55,12
DA:56,12
DA:57,12
DA:58,0
DA:59,0
DA:60,12
DA:61,12
DA:62,12
DA:63,12
DA:64,12
DA:65,12
DA:66,12
DA:67,12
DA:68,12
DA:69,12
DA:70,12
DA:71,12
DA:72,12
DA:73,12
DA:74,12
DA:75,12
DA:76,12
DA:77,12
DA:78,12
DA:79,12
DA:80,12
DA:81,12
DA:82,12
DA:83,12
DA:84,12
DA:85,12
DA:86,12
DA:87,12
DA:88,12
DA:89,12
DA:90,12
DA:91,12
DA:92,12
DA:93,12
DA:94,12
DA:95,12
DA:96,12
DA:97,12
DA:98,12
DA:99,12
DA:100,12
DA:101,12
DA:102,12
DA:103,12
DA:104,12
DA:105,12
DA:106,12
DA:107,12
DA:108,12
DA:109,12
DA:110,12
DA:111,12
DA:112,12
DA:113,12
DA:114,12
DA:115,12
DA:116,12
DA:117,12
DA:118,12
DA:119,12
DA:120,12
DA:121,12
DA:122,12
DA:123,0
DA:124,0
DA:125,12
DA:126,12
DA:127,12
DA:128,12
DA:129,12
DA:130,12
DA:131,12
DA:132,12
DA:133,12
DA:134,12
DA:135,12
DA:136,12
DA:137,12
DA:138,12
DA:139,12
DA:140,12
DA:141,12
DA:142,12
DA:143,12
DA:144,12
DA:145,12
DA:146,12
DA:147,12
DA:148,0
DA:149,0
DA:150,0
DA:151,12
DA:152,12
DA:153,12
DA:154,12
DA:155,12
DA:156,12
DA:157,12
DA:158,12
DA:159,12
DA:160,12
DA:161,12
DA:162,12
DA:163,12
DA:164,1
DA:165,1
LF:165
LH:148
BRDA:23,0,0,12
BRDA:112,1,0,0
BRDA:122,2,0,0
BRDA:147,3,0,0
BRF:4
BRH:1
end_of_record
TN:
SF:app\(auth)\login\_components\errorCard.tsx
FN:9,ErrorCard
FN:10,handleCrossClick
FNF:2
FNH:1
FNDA:12,ErrorCard
FNDA:0,handleCrossClick
DA:1,1
DA:2,1
DA:3,1
DA:4,1
DA:5,1
DA:6,1
DA:7,1
DA:8,1
DA:9,1
DA:10,12
DA:11,0
DA:12,0
DA:13,12
DA:14,12
DA:15,12
DA:16,12
DA:17,0
DA:18,0
DA:19,0
DA:20,0
DA:21,0
DA:22,0
DA:23,0
DA:24,0
DA:25,0
DA:26,0
DA:27,0
DA:28,0
DA:29,0
DA:30,0
DA:31,0
DA:32,12
DA:33,12
DA:34,12
DA:35,1
DA:36,1
LF:36
LH:19
BRDA:9,0,0,12
BRDA:16,1,0,0
BRF:2
BRH:1
end_of_record
TN:
SF:app\(auth)\login\_components\googleButton.tsx
FN:6,GoogleButton
FN:7,handleGoogleSignIn
FNF:2
FNH:1
FNDA:12,GoogleButton
FNDA:0,handleGoogleSignIn
DA:1,1
DA:2,1
DA:3,1
DA:4,1
DA:5,1
DA:6,1
DA:7,12
DA:8,0
DA:9,0
DA:10,0
DA:11,12
DA:12,12
DA:13,12
DA:14,12
DA:15,12
DA:16,12
DA:17,12
DA:18,12
DA:19,12
DA:20,12
DA:21,12
DA:22,12
DA:23,12
DA:24,12
DA:25,12
DA:26,1
DA:27,1
LF:27
LH:24
BRDA:6,0,0,12
BRF:1
BRH:1
end_of_record
TN:
SF:app\(auth)\login\_components\orDivider.tsx
FN:3,OrDivider
FNF:1
FNH:1
FNDA:12,OrDivider
DA:1,1
DA:2,1
DA:3,1
DA:4,12
DA:5,12
DA:6,12
DA:7,12
DA:8,12
DA:9,12
DA:10,12
DA:11,12
DA:12,1
DA:13,1
LF:13
LH:13
BRDA:3,0,0,12
BRF:1
BRH:1
end_of_record
TN:
SF:app\(auth)\signup\page.tsx
FN:19,Signup
FN:38,handlePasswordVisibility
FN:42,handleConfirmPasswordVisibility
FN:54,onSuccess
FN:59,handleSubmission
FNF:5
FNH:1
FNDA:8,Signup
FNDA:0,handlePasswordVisibility
FNDA:0,handleConfirmPasswordVisibility
FNDA:0,onSuccess
FNDA:0,handleSubmission
DA:1,1
DA:2,1
DA:3,1
DA:4,1
DA:5,1
DA:6,1
DA:7,1
DA:8,1
DA:9,1
DA:10,1
DA:11,1
DA:12,1
DA:13,1
DA:14,1
DA:15,1
DA:16,1
DA:17,1
DA:18,1
DA:19,1
DA:20,8
DA:21,8
DA:22,8
DA:23,8
DA:24,8
DA:25,8
DA:26,8
DA:27,8
DA:28,8
DA:29,8
DA:30,8
DA:31,8
DA:32,8
DA:33,8
DA:34,8
DA:35,8
DA:36,8
DA:37,8
DA:38,8
DA:39,0
DA:40,0
DA:41,8
DA:42,8
DA:43,0
DA:44,0
DA:45,8
DA:46,8
DA:47,8
DA:48,8
DA:49,8
DA:50,8
DA:51,8
DA:52,8
DA:53,8
DA:54,8
DA:55,0
DA:56,0
DA:57,8
DA:58,8
DA:59,8
DA:60,0
DA:61,0
DA:62,0
DA:63,0
DA:64,0
DA:65,0
DA:66,0
DA:67,8
DA:68,8
DA:69,8
DA:70,8
DA:71,8
DA:72,8
DA:73,8
DA:74,8
DA:75,8
DA:76,8
DA:77,8
DA:78,8
DA:79,8
DA:80,8
DA:81,8
DA:82,8
DA:83,8
DA:84,8
DA:85,8
DA:86,8
DA:87,8
DA:88,8
DA:89,8
DA:90,8
DA:91,8
DA:92,8
DA:93,8
DA:94,8
DA:95,8
DA:96,8
DA:97,8
DA:98,8
DA:99,8
DA:100,8
DA:101,8
DA:102,8
DA:103,8
DA:104,8
DA:105,8
DA:106,8
DA:107,8
DA:108,8
DA:109,8
DA:110,8
DA:111,8
DA:112,8
DA:113,8
DA:114,8
DA:115,8
DA:116,8
DA:117,8
DA:118,8
DA:119,8
DA:120,8
DA:121,8
DA:122,8
DA:123,8
DA:124,8
DA:125,8
DA:126,8
DA:127,8
DA:128,8
DA:129,8
DA:130,8
DA:131,8
DA:132,8
DA:133,8
DA:134,8
DA:135,8
DA:136,8
DA:137,8
DA:138,8
DA:139,8
DA:140,8
DA:141,8
DA:142,8
DA:143,8
DA:144,8
DA:145,8
DA:146,8
DA:147,8
DA:148,0
DA:149,0
DA:150,8
DA:151,8
DA:152,8
DA:153,8
DA:154,8
DA:155,8
DA:156,8
DA:157,8
DA:158,8
DA:159,8
DA:160,8
DA:161,8
DA:162,8
DA:163,8
DA:164,8
DA:165,8
DA:166,8
DA:167,8
DA:168,8
DA:169,8
DA:170,8
DA:171,8
DA:172,8
DA:173,8
DA:174,8
DA:175,8
DA:176,8
DA:177,8
DA:178,8
DA:179,8
DA:180,8
DA:181,8
DA:182,8
DA:183,8
DA:184,0
DA:185,0
DA:186,8
DA:187,8
DA:188,8
DA:189,8
DA:190,8
DA:191,8
DA:192,8
DA:193,8
DA:194,8
DA:195,8
DA:196,8
DA:197,8
DA:198,8
DA:199,8
DA:200,8
DA:201,8
DA:202,8
DA:203,8
DA:204,8
DA:205,8
DA:206,8
DA:207,8
DA:208,8
DA:209,8
DA:210,8
DA:211,8
DA:212,8
DA:213,8
DA:214,8
DA:215,8
DA:216,8
DA:217,8
DA:218,8
DA:219,8
DA:220,8
DA:221,8
DA:222,8
DA:223,8
DA:224,8
DA:225,8
DA:226,0
DA:227,0
DA:228,0
DA:229,8
DA:230,8
DA:231,8
DA:232,8
DA:233,8
DA:234,8
DA:235,8
DA:236,8
DA:237,8
DA:238,1
DA:239,1
LF:239
LH:219
BRDA:19,0,0,8
BRDA:137,1,0,0
BRDA:147,2,0,0
BRDA:173,3,0,0
BRDA:183,4,0,0
BRDA:225,5,0,0
BRF:6
BRH:1
end_of_record
TN:
SF:app\actions\signInGoogle.ts
FN:5,signInWithGoogle
FNF:1
FNH:0
FNDA:0,signInWithGoogle
DA:1,1
DA:2,1
DA:3,1
DA:4,1
DA:5,1
DA:6,0
DA:7,0
LF:7
LH:5
BRF:0
BRH:0
end_of_record
TN:
SF:components\dropdown.tsx
FN:23,Dropdown
FN:33,control
FN:40,indicatorSeparator
FN:63,onChange
FNF:4
FNH:3
FNDA:8,Dropdown
FNDA:8,control
FNDA:8,indicatorSeparator
FNDA:0,onChange
DA:1,1
DA:2,1
DA:3,1
DA:4,1
DA:5,1
DA:6,1
DA:7,1
DA:8,1
DA:9,1
DA:10,1
DA:11,1
DA:12,1
DA:13,1
DA:14,1
DA:15,1
DA:16,1
DA:17,1
DA:18,1
DA:19,1
DA:20,1
DA:21,1
DA:22,1
DA:23,1
DA:24,8
DA:25,8
DA:26,8
DA:27,8
DA:28,8
DA:29,8
DA:30,8
DA:31,8
DA:32,8
DA:33,8
DA:34,8
DA:35,8
DA:36,8
DA:37,8
DA:38,8
DA:39,8
DA:40,8
DA:41,8
DA:42,8
DA:43,8
DA:44,8
DA:45,8
DA:46,8
DA:47,8
DA:48,8
DA:49,8
DA:50,8
DA:51,8
DA:52,8
DA:53,8
DA:54,8
DA:55,8
DA:56,8
DA:57,8
DA:58,0
DA:59,0
DA:60,0
DA:61,0
DA:62,8
DA:63,8
DA:64,0
DA:65,0
DA:66,0
DA:67,0
DA:68,0
DA:69,0
DA:70,0
DA:71,0
DA:72,8
DA:73,8
DA:74,8
DA:75,8
DA:76,8
DA:77,8
DA:78,8
DA:79,8
DA:80,8
DA:81,8
DA:82,8
DA:83,8
DA:84,8
DA:85,8
DA:86,8
DA:87,8
DA:88,8
DA:89,1
DA:90,1
LF:90
LH:78
BRDA:23,0,0,8
BRDA:33,1,0,8
BRDA:35,2,0,0
BRDA:37,3,0,0
BRDA:40,4,0,8
BRDA:58,5,0,0
BRDA:77,6,0,0
BRF:7
BRH:3
end_of_record
TN:
SF:components\ui\button.tsx
FNF:0
FNH:0
DA:1,1
DA:2,1
DA:3,1
DA:4,1
DA:5,1
DA:6,1
DA:7,1
DA:8,1
DA:9,1
DA:10,1
DA:11,1
DA:12,1
DA:13,1
DA:14,1
DA:15,1
DA:16,1
DA:17,1
DA:18,1
DA:19,1
DA:20,1
DA:21,1
DA:22,1
DA:23,1
DA:24,1
DA:25,1
DA:26,1
DA:27,1
DA:28,1
DA:29,1
DA:30,1
DA:31,1
DA:32,1
DA:33,1
DA:34,1
DA:35,1
DA:36,1
DA:37,1
DA:38,1
DA:39,1
DA:40,1
DA:41,1
DA:42,1
DA:43,1
DA:44,1
DA:45,1
DA:46,1
DA:47,1
DA:48,1
DA:49,1
DA:50,1
DA:51,32
DA:52,32
DA:53,32
DA:54,32
DA:55,32
DA:56,32
DA:57,32
DA:58,32
DA:59,32
DA:60,1
DA:61,1
DA:62,1
DA:63,1
LF:63
LH:63
BRDA:50,0,0,32
BRDA:51,1,0,0
BRF:2
BRH:1
end_of_record
TN:
SF:components\ui\input.tsx
FNF:0
FNH:0
DA:1,1
DA:2,1
DA:3,1
DA:4,1
DA:5,1
DA:6,1
DA:7,1
DA:8,1
DA:9,1
DA:10,1
DA:11,1
DA:12,1
DA:13,1
DA:14,56
DA:15,56
DA:16,56
DA:17,56
DA:18,56
DA:19,56
DA:20,56
DA:21,56
DA:22,56
DA:23,56
DA:24,56
DA:25,56
DA:26,56
DA:27,56
DA:28,56
DA:29,56
DA:30,56
DA:31,56
DA:32,56
DA:33,56
DA:34,56
DA:35,56
DA:36,56
DA:37,56
DA:38,56
DA:39,56
DA:40,56
DA:41,56
DA:42,56
DA:43,56
DA:44,56
DA:45,56
DA:46,1
DA:47,1
DA:48,1
DA:49,1
DA:50,1
LF:50
LH:50
BRDA:13,0,0,56
BRDA:28,1,0,0
BRF:2
BRH:1
end_of_record
TN:
SF:constants\globalConstants.ts
FNF:0
FNH:0
DA:1,1
DA:2,1
LF:2
LH:2
BRF:0
BRH:0
end_of_record
TN:
SF:lib\utils.ts
FN:4,cn
FNF:1
FNH:1
FNDA:88,cn
DA:1,1
DA:2,1
DA:3,1
DA:4,1
DA:5,88
DA:6,88
LF:6
LH:6
BRDA:4,0,0,88
BRF:1
BRH:1
end_of_record
TN:
SF:redux\slices\authSlice.ts
FN:16,setAuthData
FN:23,clearAuthData
FNF:2
FNH:0
FNDA:0,setAuthData
FNDA:0,clearAuthData
DA:1,1
DA:2,1
DA:3,1
DA:4,1
DA:5,1
DA:6,1
DA:7,1
DA:8,1
DA:9,1
DA:10,1
DA:11,1
DA:12,1
DA:13,1
DA:14,1
DA:15,1
DA:16,1
DA:17,0
DA:18,0
DA:19,0
DA:20,0
DA:21,0
DA:22,0
DA:23,1
DA:24,0
DA:25,0
DA:26,0
DA:27,1
DA:28,1
DA:29,1
DA:30,1
DA:31,1
LF:31
LH:22
BRF:0
BRH:0
end_of_record
TN:
SF:schema\loginSchema.ts
FNF:0
FNH:0
DA:1,1
DA:2,1
DA:3,1
DA:4,1
DA:5,1
DA:6,1
DA:7,1
DA:8,1
DA:9,1
DA:10,1
DA:11,1
DA:12,1
LF:12
LH:12
BRF:0
BRH:0
end_of_record
TN:
SF:schema\signupSchema.ts
FNF:0
FNH:0
DA:1,1
DA:2,1
DA:3,1
DA:4,1
DA:5,1
DA:6,1
DA:7,1
DA:8,1
DA:9,1
DA:10,1
DA:11,1
DA:12,1
DA:13,1
DA:14,1
DA:15,1
DA:16,1
DA:17,1
DA:18,1
DA:19,1
DA:20,1
DA:21,1
DA:22,1
DA:23,1
DA:24,1
DA:25,1
DA:26,0
DA:27,0
DA:28,0
DA:29,0
DA:30,0
DA:31,0
DA:32,0
DA:33,0
DA:34,0
DA:35,0
DA:36,0
DA:37,0
DA:38,0
DA:39,0
DA:40,0
LF:40
LH:25
BRF:0
BRH:0
end_of_record
TN:
SF:store\store.ts
FN:20,middleware
FNF:1
FNH:1
FNDA:2,middleware
DA:1,1
DA:2,1
DA:3,1
DA:4,1
DA:5,1
DA:6,1
DA:7,1
DA:8,1
DA:9,1
DA:10,1
DA:11,1
DA:12,1
DA:13,1
DA:14,1
DA:15,1
DA:16,1
DA:17,1
DA:18,1
DA:19,1
DA:20,1
DA:21,2
DA:22,2
DA:23,2
DA:24,1
DA:25,1
DA:26,1
DA:27,1
DA:28,1
DA:29,1
DA:30,1
DA:31,1
DA:32,1
LF:32
LH:32
BRDA:20,0,0,2
BRF:1
BRH:1
end_of_record
